#
# There is insufficient memory for the Java Runtime Environment to continue.
# Native memory allocation (malloc) failed to allocate 1970656 bytes for Chunk::new
# Possible reasons:
#   The system is out of physical RAM or swap space
#   In 32 bit mode, the process size limit was hit
# Possible solutions:
#   Reduce memory load on the system
#   Increase physical memory or swap space
#   Check if swap backing store is full
#   Use 64 bit Java on a 64 bit OS
#   Decrease Java heap size (-Xmx/-Xms)
#   Decrease number of Java threads
#   Decrease Java thread stack sizes (-Xss)
#   Set larger code cache with -XX:ReservedCodeCacheSize=
# This output file may be truncated or incomplete.
#
#  Out of Memory Error (allocation.cpp:390), pid=9688, tid=0x0000000000002b08
#
# JRE version: OpenJDK Runtime Environment (8.0_112-b06) (build 1.8.0_112-release-b06)
# Java VM: OpenJDK 64-Bit Server VM (25.112-b06 mixed mode windows-amd64 compressed oops)
# Failed to write core dump. Minidumps are not enabled by default on client versions of Windows
#

---------------  T H R E A D  ---------------

Current thread (0x000000001606a800):  JavaThread "C2 CompilerThread0" daemon [_thread_in_native, id=11016, stack(0x00000000176f0000,0x00000000177f0000)]

Stack: [0x00000000176f0000,0x00000000177f0000]
[error occurred during error reporting (printing stack bounds), id 0xc0000005]

Native frames: (J=compiled Java code, j=interpreted, Vv=VM code, C=native code)


Current CompileTask:
C2:  20825 1505       4       java.net.URLClassLoader$1::run (5 bytes)


---------------  P R O C E S S  ---------------

Java Threads: ( => current thread )
  0x0000000018dc5800 JavaThread "Stdin handler" [_thread_blocked, id=3620, stack(0x000000001a740000,0x000000001a840000)]
  0x0000000018dc3000 JavaThread "Asynchronous log dispatcher for DefaultDaemonConnection: socket connection from /127.0.0.1:58455 to /127.0.0.1:58456" [_thread_blocked, id=4148, stack(0x000000001a640000,0x000000001a740000)]
  0x0000000018dc1000 JavaThread "pool-1-thread-1" [_thread_blocked, id=9184, stack(0x000000001a540000,0x000000001a640000)]
  0x0000000018951000 JavaThread "Daemon worker" [_thread_in_native, id=7756, stack(0x000000001a440000,0x000000001a540000)]
  0x0000000018930000 JavaThread "Cancel handler" [_thread_blocked, id=11208, stack(0x000000001a340000,0x000000001a440000)]
  0x0000000018bdb800 JavaThread "Handler for socket connection from /127.0.0.1:58455 to /127.0.0.1:58456" [_thread_in_native, id=9596, stack(0x000000001a240000,0x000000001a340000)]
  0x00000000160b6800 JavaThread "Daemon" [_thread_blocked, id=1472, stack(0x000000001a140000,0x000000001a240000)]
  0x00000000182b3000 JavaThread "Incoming local TCP Connector on port 58455" [_thread_in_native, id=6176, stack(0x0000000019d00000,0x0000000019e00000)]
  0x0000000017a1a800 JavaThread "Service Thread" daemon [_thread_blocked, id=10672, stack(0x0000000017df0000,0x0000000017ef0000)]
  0x0000000016073800 JavaThread "C1 CompilerThread2" daemon [_thread_blocked, id=7896, stack(0x00000000178f0000,0x00000000179f0000)]
  0x0000000016070000 JavaThread "C2 CompilerThread1" daemon [_thread_in_native, id=10960, stack(0x00000000177f0000,0x00000000178f0000)]
=>0x000000001606a800 JavaThread "C2 CompilerThread0" daemon [_thread_in_native, id=11016, stack(0x00000000176f0000,0x00000000177f0000)]
  0x0000000016069000 JavaThread "Attach Listener" daemon [_thread_blocked, id=4644, stack(0x00000000175f0000,0x00000000176f0000)]
  0x0000000016068000 JavaThread "Signal Dispatcher" daemon [_thread_blocked, id=3904, stack(0x00000000174f0000,0x00000000175f0000)]
  0x00000000026fb000 JavaThread "Finalizer" daemon [_thread_blocked, id=10952, stack(0x00000000172f0000,0x00000000173f0000)]
  0x00000000026f0000 JavaThread "Reference Handler" daemon [_thread_blocked, id=8900, stack(0x00000000171f0000,0x00000000172f0000)]
  0x0000000002600800 JavaThread "main" [_thread_blocked, id=10620, stack(0x0000000002500000,0x0000000002600000)]

Other Threads:
  0x0000000016035800 VMThread [stack: 0x00000000170f0000,0x00000000171f0000] [id=10860]
  0x0000000017a1c800 WatcherThread [stack: 0x0000000017ef0000,0x0000000017ff0000] [id=3020]

VM state:not at safepoint (normal execution)

VM Mutex/Monitor currently owned by a thread: None

Heap:
 PSYoungGen      total 37888K, used 22290K [0x00000000e0000000, 0x00000000e2a00000, 0x0000000100000000)
  eden space 32768K, 52% used [0x00000000e0000000,0x00000000e10cb630,0x00000000e2000000)
  from space 5120K, 99% used [0x00000000e2000000,0x00000000e24f9578,0x00000000e2500000)
  to   space 5120K, 0% used [0x00000000e2500000,0x00000000e2500000,0x00000000e2a00000)
 ParOldGen       total 86016K, used 3646K [0x00000000a0000000, 0x00000000a5400000, 0x00000000e0000000)
  object space 86016K, 4% used [0x00000000a0000000,0x00000000a038f810,0x00000000a5400000)
 Metaspace       used 20276K, capacity 20628K, committed 20864K, reserved 1067008K
  class space    used 2734K, capacity 2837K, committed 2944K, reserved 1048576K

Card table byte_map: [0x0000000011ac0000,0x0000000011dd0000] byte_map_base: 0x00000000115c0000

Marking Bits: (ParMarkBitMap*) 0x00000000755c18f0
 Begin Bits: [0x00000000123d0000, 0x0000000013bd0000)
 End Bits:   [0x0000000013bd0000, 0x00000000153d0000)

Polling page: 0x0000000000ce0000

CodeCache: size=245760Kb used=5776Kb max_used=5788Kb free=239983Kb
 bounds [0x0000000002700000, 0x0000000002cb0000, 0x0000000011700000]
 total_blobs=2016 nmethods=1613 adapters=316
 compilation: enabled

Compilation events (10 events):
Event: 20.717 Thread 0x0000000016073800 1632       3       groovy.lang.MetaClassImpl$1MOPIter::methodNameAction (479 bytes)
Event: 20.719 Thread 0x0000000016073800 nmethod 1632 0x0000000002c4d290 code [0x0000000002c4d6e0, 0x0000000002c500f8]
Event: 20.719 Thread 0x0000000016073800 1633       3       org.codehaus.groovy.reflection.CachedClass::getSuperClassDistance (41 bytes)
Event: 20.719 Thread 0x0000000016073800 nmethod 1633 0x0000000002c518d0 code [0x0000000002c51a40, 0x0000000002c51de8]
Event: 20.719 Thread 0x0000000016073800 1631       3       java.lang.CharacterDataLatin1::digit (91 bytes)
Event: 20.720 Thread 0x0000000016073800 nmethod 1631 0x0000000002c51f10 code [0x0000000002c52080, 0x0000000002c52410]
Event: 20.720 Thread 0x0000000016073800 1634       3       groovy.lang.MetaMethod::getMopName (105 bytes)
Event: 20.721 Thread 0x0000000016073800 nmethod 1634 0x0000000002c52590 code [0x0000000002c52880, 0x0000000002c54ae8]
Event: 20.753 Thread 0x0000000016073800 1636       3       java.util.concurrent.locks.LockSupport::parkNanos (29 bytes)
Event: 20.753 Thread 0x0000000016073800 nmethod 1636 0x0000000002c55950 code [0x0000000002c55ac0, 0x0000000002c55e48]

GC Heap History (6 events):
Event: 8.515 GC heap before
{Heap before GC invocations=1 (full 0):
 PSYoungGen      total 37888K, used 32531K [0x00000000e0000000, 0x00000000e2a00000, 0x0000000100000000)
  eden space 32768K, 99% used [0x00000000e0000000,0x00000000e1fc4fa0,0x00000000e2000000)
  from space 5120K, 0% used [0x00000000e2500000,0x00000000e2500000,0x00000000e2a00000)
  to   space 5120K, 0% used [0x00000000e2000000,0x00000000e2000000,0x00000000e2500000)
 ParOldGen       total 86016K, used 0K [0x00000000a0000000, 0x00000000a5400000, 0x00000000e0000000)
  object space 86016K, 0% used [0x00000000a0000000,0x00000000a0000000,0x00000000a5400000)
 Metaspace       used 6795K, capacity 6964K, committed 7040K, reserved 1056768K
  class space    used 833K, capacity 892K, committed 896K, reserved 1048576K
Event: 8.519 GC heap after
Heap after GC invocations=1 (full 0):
 PSYoungGen      total 37888K, used 4441K [0x00000000e0000000, 0x00000000e2a00000, 0x0000000100000000)
  eden space 32768K, 0% used [0x00000000e0000000,0x00000000e0000000,0x00000000e2000000)
  from space 5120K, 86% used [0x00000000e2000000,0x00000000e2456448,0x00000000e2500000)
  to   space 5120K, 0% used [0x00000000e2500000,0x00000000e2500000,0x00000000e2a00000)
 ParOldGen       total 86016K, used 8K [0x00000000a0000000, 0x00000000a5400000, 0x00000000e0000000)
  object space 86016K, 0% used [0x00000000a0000000,0x00000000a0002000,0x00000000a5400000)
 Metaspace       used 6795K, capacity 6964K, committed 7040K, reserved 1056768K
  class space    used 833K, capacity 892K, committed 896K, reserved 1048576K
}
Event: 17.763 GC heap before
{Heap before GC invocations=2 (full 0):
 PSYoungGen      total 37888K, used 37209K [0x00000000e0000000, 0x00000000e2a00000, 0x0000000100000000)
  eden space 32768K, 100% used [0x00000000e0000000,0x00000000e2000000,0x00000000e2000000)
  from space 5120K, 86% used [0x00000000e2000000,0x00000000e2456448,0x00000000e2500000)
  to   space 5120K, 0% used [0x00000000e2500000,0x00000000e2500000,0x00000000e2a00000)
 ParOldGen       total 86016K, used 8K [0x00000000a0000000, 0x00000000a5400000, 0x00000000e0000000)
  object space 86016K, 0% used [0x00000000a0000000,0x00000000a0002000,0x00000000a5400000)
 Metaspace       used 13015K, capacity 13334K, committed 13440K, reserved 1060864K
  class space    used 1721K, capacity 1839K, committed 1920K, reserved 1048576K
Event: 17.770 GC heap after
Heap after GC invocations=2 (full 0):
 PSYoungGen      total 37888K, used 5106K [0x00000000e0000000, 0x00000000e2a00000, 0x0000000100000000)
  eden space 32768K, 0% used [0x00000000e0000000,0x00000000e0000000,0x00000000e2000000)
  from space 5120K, 99% used [0x00000000e2500000,0x00000000e29fca28,0x00000000e2a00000)
  to   space 5120K, 0% used [0x00000000e2000000,0x00000000e2000000,0x00000000e2500000)
 ParOldGen       total 86016K, used 916K [0x00000000a0000000, 0x00000000a5400000, 0x00000000e0000000)
  object space 86016K, 1% used [0x00000000a0000000,0x00000000a00e5390,0x00000000a5400000)
 Metaspace       used 13015K, capacity 13334K, committed 13440K, reserved 1060864K
  class space    used 1721K, capacity 1839K, committed 1920K, reserved 1048576K
}
Event: 19.067 GC heap before
{Heap before GC invocations=3 (full 0):
 PSYoungGen      total 37888K, used 37874K [0x00000000e0000000, 0x00000000e2a00000, 0x0000000100000000)
  eden space 32768K, 100% used [0x00000000e0000000,0x00000000e2000000,0x00000000e2000000)
  from space 5120K, 99% used [0x00000000e2500000,0x00000000e29fca28,0x00000000e2a00000)
  to   space 5120K, 0% used [0x00000000e2000000,0x00000000e2000000,0x00000000e2500000)
 ParOldGen       total 86016K, used 916K [0x00000000a0000000, 0x00000000a5400000, 0x00000000e0000000)
  object space 86016K, 1% used [0x00000000a0000000,0x00000000a00e5390,0x00000000a5400000)
 Metaspace       used 16509K, capacity 16846K, committed 17024K, reserved 1064960K
  class space    used 2290K, capacity 2387K, committed 2432K, reserved 1048576K
Event: 19.087 GC heap after
Heap after GC invocations=3 (full 0):
 PSYoungGen      total 37888K, used 5093K [0x00000000e0000000, 0x00000000e2a00000, 0x0000000100000000)
  eden space 32768K, 0% used [0x00000000e0000000,0x00000000e0000000,0x00000000e2000000)
  from space 5120K, 99% used [0x00000000e2000000,0x00000000e24f9578,0x00000000e2500000)
  to   space 5120K, 0% used [0x00000000e2500000,0x00000000e2500000,0x00000000e2a00000)
 ParOldGen       total 86016K, used 3646K [0x00000000a0000000, 0x00000000a5400000, 0x00000000e0000000)
  object space 86016K, 4% used [0x00000000a0000000,0x00000000a038f810,0x00000000a5400000)
 Metaspace       used 16509K, capacity 16846K, committed 17024K, reserved 1064960K
  class space    used 2290K, capacity 2387K, committed 2432K, reserved 1048576K
}

Deoptimization events (10 events):
Event: 19.476 Thread 0x0000000018951000 Uncommon trap: reason=class_check action=maybe_recompile pc=0x00000000028cc1e8 method=java.lang.String.equals(Ljava/lang/Object;)Z @ 8
Event: 19.476 Thread 0x0000000018951000 Uncommon trap: reason=class_check action=maybe_recompile pc=0x00000000028cc1e8 method=java.lang.String.equals(Ljava/lang/Object;)Z @ 8
Event: 19.479 Thread 0x0000000018951000 Uncommon trap: reason=class_check action=maybe_recompile pc=0x00000000028cc1e8 method=java.lang.String.equals(Ljava/lang/Object;)Z @ 8
Event: 19.479 Thread 0x0000000018951000 Uncommon trap: reason=class_check action=maybe_recompile pc=0x00000000028cc1e8 method=java.lang.String.equals(Ljava/lang/Object;)Z @ 8
Event: 20.025 Thread 0x0000000018951000 Uncommon trap: reason=bimorphic action=maybe_recompile pc=0x0000000002b499e8 method=java.lang.ClassLoader.loadClass(Ljava/lang/String;Z)Ljava/lang/Class; @ 38
Event: 20.025 Thread 0x0000000018951000 Uncommon trap: reason=bimorphic action=maybe_recompile pc=0x0000000002b499e8 method=java.lang.ClassLoader.loadClass(Ljava/lang/String;Z)Ljava/lang/Class; @ 38
Event: 20.027 Thread 0x0000000018951000 Uncommon trap: reason=class_check action=maybe_recompile pc=0x00000000028d4f98 method=sun.misc.URLClassPath.getLoader(I)Lsun/misc/URLClassPath$Loader; @ 94
Event: 20.027 Thread 0x0000000018951000 Uncommon trap: reason=class_check action=maybe_recompile pc=0x0000000002bb3f04 method=sun.misc.URLClassPath.getResource(Ljava/lang/String;Z)Lsun/misc/Resource; @ 62
Event: 20.042 Thread 0x0000000018951000 Uncommon trap: reason=bimorphic action=maybe_recompile pc=0x0000000002b499e8 method=java.lang.ClassLoader.loadClass(Ljava/lang/String;Z)Ljava/lang/Class; @ 38
Event: 20.042 Thread 0x0000000018951000 Uncommon trap: reason=bimorphic action=maybe_recompile pc=0x0000000002b499e8 method=java.lang.ClassLoader.loadClass(Ljava/lang/String;Z)Ljava/lang/Class; @ 38

Internal exceptions (10 events):
Event: 18.558 Thread 0x0000000018951000 Exception <a 'java/lang/NoSuchMethodError': <clinit>> (0x00000000e1bf21e8) thrown at [C:\src\android\AOSP-openjdk\external\jetbrains\jdk\hotspot\src\share\vm\prims\jni.cpp, line 1613]
Event: 18.559 Thread 0x0000000018951000 Exception <a 'java/lang/NoSuchMethodError': <clinit>> (0x00000000e1bf49b8) thrown at [C:\src\android\AOSP-openjdk\external\jetbrains\jdk\hotspot\src\share\vm\prims\jni.cpp, line 1613]
Event: 18.560 Thread 0x0000000018951000 Exception <a 'java/lang/NoSuchMethodError': <clinit>> (0x00000000e1c00c98) thrown at [C:\src\android\AOSP-openjdk\external\jetbrains\jdk\hotspot\src\share\vm\prims\jni.cpp, line 1613]
Event: 18.562 Thread 0x0000000018951000 Exception <a 'java/lang/NoSuchMethodError': <clinit>> (0x00000000e1c0b380) thrown at [C:\src\android\AOSP-openjdk\external\jetbrains\jdk\hotspot\src\share\vm\prims\jni.cpp, line 1613]
Event: 18.750 Thread 0x0000000018951000 Implicit null exception at 0x00000000029d1256 to 0x00000000029d15f9
Event: 18.750 Thread 0x0000000018951000 Implicit null exception at 0x000000000291f296 to 0x000000000291f639
Event: 20.743 Thread 0x0000000018951000 Exception <a 'java/lang/ClassNotFoundException': groovy/lang/ExpandoMetaClassBeanInfo> (0x00000000e0cef0c0) thrown at [C:\src\android\AOSP-openjdk\external\jetbrains\jdk\hotspot\src\share\vm\classfile\systemDictionary.cpp, line 210]
Event: 20.743 Thread 0x0000000018951000 Exception <a 'java/lang/ClassNotFoundException': groovy/lang/MetaClassImplBeanInfo> (0x00000000e0cfc018) thrown at [C:\src\android\AOSP-openjdk\external\jetbrains\jdk\hotspot\src\share\vm\classfile\systemDictionary.cpp, line 210]
Event: 20.743 Thread 0x0000000018951000 Exception <a 'java/lang/ClassNotFoundException': java/lang/ObjectBeanInfo> (0x00000000e0d01fa8) thrown at [C:\src\android\AOSP-openjdk\external\jetbrains\jdk\hotspot\src\share\vm\classfile\systemDictionary.cpp, line 210]
Event: 20.744 Thread 0x0000000018951000 Exception <a 'java/lang/ClassNotFoundException': java/lang/ObjectCustomizer> (0x00000000e0d08268) thrown at [C:\src\android\AOSP-openjdk\external\jetbrains\jdk\hotspot\src\share\vm\classfile\systemDictionary.cpp, line 210]

Events (10 events):
Event: 20.761 loading class sun/reflect/generics/tree/Wildcard done
Event: 20.761 loading class sun/reflect/generics/reflectiveObjects/WildcardTypeImpl
Event: 20.761 loading class java/lang/reflect/WildcardType
Event: 20.761 loading class java/lang/reflect/WildcardType done
Event: 20.761 loading class sun/reflect/generics/reflectiveObjects/WildcardTypeImpl done
Event: 20.761 loading class com/sun/beans/WildcardTypeImpl
Event: 20.761 loading class com/sun/beans/WildcardTypeImpl done
Event: 20.762 loading class java/beans/Transient
Event: 20.762 loading class java/beans/Transient done
Event: 20.762 loading class java/beans/IndexedPropertyDescriptor


Dynamic libraries:
0x00007ff69c2c0000 - 0x00007ff69c2f1000 	C:\Program Files\Android\Android Studio\jre\bin\java.exe
0x00007fff9b480000 - 0x00007fff9b651000 	C:\Windows\SYSTEM32\ntdll.dll
0x00007fff9af70000 - 0x00007fff9b01c000 	C:\Windows\System32\KERNEL32.DLL
0x00007fff97ba0000 - 0x00007fff97dbd000 	C:\Windows\System32\KERNELBASE.dll
0x00007fff9b1c0000 - 0x00007fff9b262000 	C:\Windows\System32\ADVAPI32.dll
0x00007fff9b2e0000 - 0x00007fff9b37e000 	C:\Windows\System32\msvcrt.dll
0x00007fff98b90000 - 0x00007fff98be9000 	C:\Windows\System32\sechost.dll
0x00007fff98a60000 - 0x00007fff98b81000 	C:\Windows\System32\RPCRT4.dll
0x00007fff9acc0000 - 0x00007fff9ae25000 	C:\Windows\System32\USER32.dll
0x00007fff989a0000 - 0x00007fff989be000 	C:\Windows\System32\win32u.dll
0x00007fff98a20000 - 0x00007fff98a54000 	C:\Windows\System32\GDI32.dll
0x00007fff98820000 - 0x00007fff989a0000 	C:\Windows\System32\gdi32full.dll
0x00007fff885d0000 - 0x00007fff8884a000 	C:\Windows\WinSxS\amd64_microsoft.windows.common-controls_6595b64144ccf1df_6.0.14393.953_none_42151e83c686086b\COMCTL32.dll
0x00007fff98c50000 - 0x00007fff98f18000 	C:\Windows\System32\combase.dll
0x00007fff97980000 - 0x00007fff97a75000 	C:\Windows\System32\ucrtbase.dll
0x00007fff97b30000 - 0x00007fff97b9a000 	C:\Windows\System32\bcryptPrimitives.dll
0x00007fff9a920000 - 0x00007fff9a94e000 	C:\Windows\System32\IMM32.DLL
0x0000000073ef0000 - 0x0000000073fc2000 	C:\Program Files\Android\Android Studio\jre\jre\bin\msvcr100.dll
0x0000000074e00000 - 0x000000007563c000 	C:\Program Files\Android\Android Studio\jre\jre\bin\server\jvm.dll
0x00007fff98a10000 - 0x00007fff98a18000 	C:\Windows\System32\PSAPI.DLL
0x00007fff93fb0000 - 0x00007fff93fb9000 	C:\Windows\SYSTEM32\WSOCK32.dll
0x00007fff95750000 - 0x00007fff95773000 	C:\Windows\SYSTEM32\WINMM.dll
0x00007fff9b3b0000 - 0x00007fff9b41a000 	C:\Windows\System32\WS2_32.dll
0x00007fff8f360000 - 0x00007fff8f36a000 	C:\Windows\SYSTEM32\VERSION.dll
0x00007fff956c0000 - 0x00007fff956eb000 	C:\Windows\SYSTEM32\WINMMBASE.dll
0x00007fff989c0000 - 0x00007fff98a02000 	C:\Windows\System32\cfgmgr32.dll
0x00007fff93450000 - 0x00007fff9345f000 	C:\Program Files\Android\Android Studio\jre\jre\bin\verify.dll
0x00007fff8a1b0000 - 0x00007fff8a1d9000 	C:\Program Files\Android\Android Studio\jre\jre\bin\java.dll
0x00007fff8a3c0000 - 0x00007fff8a3d6000 	C:\Program Files\Android\Android Studio\jre\jre\bin\zip.dll
0x00007fff98f20000 - 0x00007fff9a428000 	C:\Windows\System32\SHELL32.dll
0x00007fff98140000 - 0x00007fff9881a000 	C:\Windows\System32\windows.storage.dll
0x00007fff97920000 - 0x00007fff9796c000 	C:\Windows\System32\powrprof.dll
0x00007fff9b420000 - 0x00007fff9b472000 	C:\Windows\System32\shlwapi.dll
0x00007fff97970000 - 0x00007fff9797f000 	C:\Windows\System32\kernel.appcore.dll
0x00007fff97a80000 - 0x00007fff97b29000 	C:\Windows\System32\shcore.dll
0x00007fff978f0000 - 0x00007fff97904000 	C:\Windows\System32\profapi.dll
0x00007fff8a190000 - 0x00007fff8a1aa000 	C:\Program Files\Android\Android Studio\jre\jre\bin\net.dll
0x00007fff971c0000 - 0x00007fff9721c000 	C:\Windows\system32\mswsock.dll
0x00007fff8a170000 - 0x00007fff8a181000 	C:\Program Files\Android\Android Studio\jre\jre\bin\nio.dll
0x00007fff89f70000 - 0x00007fff89f8e000 	C:\Users\profa\.gradle\native\23\windows-amd64\native-platform.dll
0x00007fff97360000 - 0x00007fff97377000 	C:\Windows\SYSTEM32\CRYPTSP.dll
0x00007fff96dc0000 - 0x00007fff96df3000 	C:\Windows\system32\rsaenh.dll
0x00007fff97830000 - 0x00007fff9785b000 	C:\Windows\SYSTEM32\bcrypt.dll
0x00007fff97040000 - 0x00007fff9705f000 	C:\Windows\SYSTEM32\USERENV.dll
0x00007fff97380000 - 0x00007fff9738b000 	C:\Windows\SYSTEM32\CRYPTBASE.dll
0x00007fff96f40000 - 0x00007fff96f78000 	C:\Windows\SYSTEM32\IPHLPAPI.DLL
0x00007fff9b380000 - 0x00007fff9b388000 	C:\Windows\System32\NSI.dll
0x00007fff92e30000 - 0x00007fff92e46000 	C:\Windows\SYSTEM32\dhcpcsvc6.DLL
0x00007fff93050000 - 0x00007fff9306a000 	C:\Windows\SYSTEM32\dhcpcsvc.DLL
0x00007fff92860000 - 0x00007fff9286d000 	C:\Program Files\Android\Android Studio\jre\jre\bin\management.dll

VM Arguments:
jvm_args: -Xmx1536m -Dfile.encoding=windows-1252 -Duser.country=BR -Duser.language=pt -Duser.variant 
java_command: org.gradle.launcher.daemon.bootstrap.GradleDaemon 3.3
java_class_path (initial): C:\Users\profa\.gradle\wrapper\dists\gradle-3.3-all\55gk2rcmfc6p2dg9u9ohc3hw9\gradle-3.3\lib\gradle-launcher-3.3.jar
Launcher Type: SUN_STANDARD

Environment Variables:
PATH=C:\ProgramData\Oracle\Java\javapath;C:\Program Files (x86)\Intel\iCLS Client\;C:\Program Files\Intel\iCLS Client\;C:\Windows\system32;C:\Windows;C:\Windows\System32\Wbem;C:\Windows\System32\WindowsPowerShell\v1.0\;C:\Program Files (x86)\Intel\Intel(R) Management Engine Components\DAL;C:\Program Files\Intel\Intel(R) Management Engine Components\DAL;C:\Program Files (x86)\Intel\Intel(R) Management Engine Components\IPT;C:\Program Files\Intel\Intel(R) Management Engine Components\IPT;C:\Program Files (x86)\Skype\Phone\;C:\Users\profa\AppData\Local\Programs\Python\Python36\Scripts\;C:\Users\profa\AppData\Local\Programs\Python\Python36\;C:\Users\profa\AppData\Local\Programs\Python\Python36-32\Scripts\;C:\Users\profa\AppData\Local\Programs\Python\Python36-32\;C:\Users\profa\AppData\Local\Microsoft\WindowsApps;C:\ProgramData\profa\atom\bin;C:\Users\profa\AppData\Local\atom\bin
USERNAME=profa
OS=Windows_NT
PROCESSOR_IDENTIFIER=Intel64 Family 6 Model 78 Stepping 3, GenuineIntel



---------------  S Y S T E M  ---------------

OS: Windows 10.0 , 64 bit Build 14393 (10.0.14393.1198)

CPU:total 4 (2 cores per cpu, 2 threads per core) family 6 model 78 stepping 3, cmov, cx8, fxsr, mmx, sse, sse2, sse3, ssse3, sse4.1, sse4.2, popcnt, avx, avx2, aes, clmul, erms, 3dnowpref, lzcnt, ht, tsc, tscinvbit, bmi1, bmi2, adx

Memory: 4k page, physical 8244872k(320188k free), swap 8244872k(15780k free)

vm_info: OpenJDK 64-Bit Server VM (25.112-b06) for windows-amd64 JRE (1.8.0_112-release-b06), built on Dec  8 2016 00:54:26 by "builder" with MS VC++ 10.0 (VS2010)

time: Thu Jul 06 14:56:00 2017
elapsed time: 20 seconds (0d 0h 0m 20s)

