#
# There is insufficient memory for the Java Runtime Environment to continue.
# Native memory allocation (malloc) failed to allocate 1918800 bytes for Chunk::new
# Possible reasons:
#   The system is out of physical RAM or swap space
#   In 32 bit mode, the process size limit was hit
# Possible solutions:
#   Reduce memory load on the system
#   Increase physical memory or swap space
#   Check if swap backing store is full
#   Use 64 bit Java on a 64 bit OS
#   Decrease Java heap size (-Xmx/-Xms)
#   Decrease number of Java threads
#   Decrease Java thread stack sizes (-Xss)
#   Set larger code cache with -XX:ReservedCodeCacheSize=
# This output file may be truncated or incomplete.
#
#  Out of Memory Error (allocation.cpp:390), pid=3252, tid=0x0000000000000b78
#
# JRE version: OpenJDK Runtime Environment (8.0_112-b06) (build 1.8.0_112-release-b06)
# Java VM: OpenJDK 64-Bit Server VM (25.112-b06 mixed mode windows-amd64 compressed oops)
# Failed to write core dump. Minidumps are not enabled by default on client versions of Windows
#

---------------  T H R E A D  ---------------

Current thread (0x0000000015dc8800):  JavaThread "C2 CompilerThread1" daemon [_thread_in_native, id=2936, stack(0x0000000017540000,0x0000000017640000)]

Stack: [0x0000000017540000,0x0000000017640000]
[error occurred during error reporting (printing stack bounds), id 0xc0000005]

Native frames: (J=compiled Java code, j=interpreted, Vv=VM code, C=native code)


Current CompileTask:
C2:   2738 1338   !   4       java.net.URLClassLoader$1::run (63 bytes)


---------------  P R O C E S S  ---------------

Java Threads: ( => current thread )
  0x0000000018d8b800 JavaThread "Stdin handler" [_thread_blocked, id=7252, stack(0x000000001b490000,0x000000001b590000)]
  0x00000000193d0800 JavaThread "Asynchronous log dispatcher for DefaultDaemonConnection: socket connection from /127.0.0.1:54340 to /127.0.0.1:54341" [_thread_blocked, id=6324, stack(0x000000001b390000,0x000000001b490000)]
  0x0000000018c4d800 JavaThread "Daemon worker" [_thread_in_native, id=5524, stack(0x000000001b290000,0x000000001b390000)]
  0x0000000018c4c000 JavaThread "Cancel handler" [_thread_blocked, id=5664, stack(0x000000001b190000,0x000000001b290000)]
  0x00000000193bd800 JavaThread "Handler for socket connection from /127.0.0.1:54340 to /127.0.0.1:54341" [_thread_in_native, id=3476, stack(0x000000001b090000,0x000000001b190000)]
  0x00000000193bf800 JavaThread "pool-1-thread-1" [_thread_blocked, id=3096, stack(0x000000001af90000,0x000000001b090000)]
  0x000000001884d000 JavaThread "Daemon" [_thread_blocked, id=8088, stack(0x000000001ae90000,0x000000001af90000)]
  0x000000001936c000 JavaThread "Incoming local TCP Connector on port 54340" [_thread_in_native, id=5988, stack(0x0000000019510000,0x0000000019610000)]
  0x000000001775a800 JavaThread "Service Thread" daemon [_thread_blocked, id=1256, stack(0x0000000017b40000,0x0000000017c40000)]
  0x0000000015e02000 JavaThread "C1 CompilerThread2" daemon [_thread_blocked, id=7120, stack(0x0000000017640000,0x0000000017740000)]
=>0x0000000015dc8800 JavaThread "C2 CompilerThread1" daemon [_thread_in_native, id=2936, stack(0x0000000017540000,0x0000000017640000)]
  0x0000000015dd6800 JavaThread "C2 CompilerThread0" daemon [_thread_in_native, id=6548, stack(0x0000000017440000,0x0000000017540000)]
  0x0000000015dd5000 JavaThread "Attach Listener" daemon [_thread_blocked, id=7056, stack(0x0000000017340000,0x0000000017440000)]
  0x0000000015dd4000 JavaThread "Signal Dispatcher" daemon [_thread_blocked, id=6412, stack(0x0000000017240000,0x0000000017340000)]
  0x000000000245b000 JavaThread "Finalizer" daemon [_thread_blocked, id=8416, stack(0x0000000017040000,0x0000000017140000)]
  0x0000000002450000 JavaThread "Reference Handler" daemon [_thread_blocked, id=1396, stack(0x0000000016f40000,0x0000000017040000)]
  0x0000000002360800 JavaThread "main" [_thread_blocked, id=1312, stack(0x0000000002160000,0x0000000002260000)]

Other Threads:
  0x0000000015d95800 VMThread [stack: 0x0000000016e40000,0x0000000016f40000] [id=10116]
  0x0000000017764800 WatcherThread [stack: 0x0000000017c40000,0x0000000017d40000] [id=7368]

VM state:not at safepoint (normal execution)

VM Mutex/Monitor currently owned by a thread: None

Heap:
 PSYoungGen      total 37888K, used 6196K [0x00000000e0000000, 0x00000000e4a00000, 0x0000000100000000)
  eden space 32768K, 3% used [0x00000000e0000000,0x00000000e010dc80,0x00000000e2000000)
  from space 5120K, 99% used [0x00000000e2000000,0x00000000e24ff498,0x00000000e2500000)
  to   space 5120K, 0% used [0x00000000e4500000,0x00000000e4500000,0x00000000e4a00000)
 ParOldGen       total 86016K, used 3628K [0x00000000a0000000, 0x00000000a5400000, 0x00000000e0000000)
  object space 86016K, 4% used [0x00000000a0000000,0x00000000a038b030,0x00000000a5400000)
 Metaspace       used 16633K, capacity 16910K, committed 17024K, reserved 1064960K
  class space    used 2308K, capacity 2387K, committed 2432K, reserved 1048576K

Card table byte_map: [0x0000000011820000,0x0000000011b30000] byte_map_base: 0x0000000011320000

Marking Bits: (ParMarkBitMap*) 0x00000000587f18f0
 Begin Bits: [0x0000000012130000, 0x0000000013930000)
 End Bits:   [0x0000000013930000, 0x0000000015130000)

Polling page: 0x0000000000520000

CodeCache: size=245760Kb used=4967Kb max_used=4967Kb free=240792Kb
 bounds [0x0000000002460000, 0x0000000002940000, 0x0000000011460000]
 total_blobs=1824 nmethods=1432 adapters=305
 compilation: enabled

Compilation events (10 events):
Event: 2.698 Thread 0x0000000015e02000 nmethod 1431 0x0000000002932ed0 code [0x0000000002933080, 0x00000000029336e8]
Event: 2.701 Thread 0x0000000015e02000 1432       1       java.lang.reflect.Proxy$Key1::hashCode (5 bytes)
Event: 2.701 Thread 0x0000000015e02000 nmethod 1432 0x0000000002933910 code [0x0000000002933a60, 0x0000000002933b70]
Event: 2.701 Thread 0x0000000015e02000 1433       3       sun.misc.SharedSecrets::getJavaLangAccess (4 bytes)
Event: 2.701 Thread 0x0000000015e02000 nmethod 1433 0x0000000002933bd0 code [0x0000000002933d20, 0x0000000002933e50]
Event: 2.708 Thread 0x0000000015e02000 1434       3       org.objectweb.asm.MethodWriter::visitVarInsn (292 bytes)
Event: 2.710 Thread 0x0000000015e02000 nmethod 1434 0x0000000002933ed0 code [0x0000000002934100, 0x0000000002934b68]
Event: 2.735 Thread 0x0000000015e02000 1435       3       java.util.regex.Pattern::expr (142 bytes)
Event: 2.736 Thread 0x0000000015e02000 nmethod 1435 0x0000000002934f50 code [0x0000000002935180, 0x0000000002935da8]
Event: 2.736 Thread 0x0000000015e02000 1437       3       java.util.regex.Pattern::RemoveQEQuoting (346 bytes)

GC Heap History (6 events):
Event: 0.677 GC heap before
{Heap before GC invocations=1 (full 0):
 PSYoungGen      total 37888K, used 32540K [0x00000000e0000000, 0x00000000e2a00000, 0x0000000100000000)
  eden space 32768K, 99% used [0x00000000e0000000,0x00000000e1fc70b8,0x00000000e2000000)
  from space 5120K, 0% used [0x00000000e2500000,0x00000000e2500000,0x00000000e2a00000)
  to   space 5120K, 0% used [0x00000000e2000000,0x00000000e2000000,0x00000000e2500000)
 ParOldGen       total 86016K, used 0K [0x00000000a0000000, 0x00000000a5400000, 0x00000000e0000000)
  object space 86016K, 0% used [0x00000000a0000000,0x00000000a0000000,0x00000000a5400000)
 Metaspace       used 6799K, capacity 7028K, committed 7040K, reserved 1056768K
  class space    used 833K, capacity 892K, committed 896K, reserved 1048576K
Event: 0.683 GC heap after
Heap after GC invocations=1 (full 0):
 PSYoungGen      total 37888K, used 4425K [0x00000000e0000000, 0x00000000e2a00000, 0x0000000100000000)
  eden space 32768K, 0% used [0x00000000e0000000,0x00000000e0000000,0x00000000e2000000)
  from space 5120K, 86% used [0x00000000e2000000,0x00000000e2452458,0x00000000e2500000)
  to   space 5120K, 0% used [0x00000000e2500000,0x00000000e2500000,0x00000000e2a00000)
 ParOldGen       total 86016K, used 8K [0x00000000a0000000, 0x00000000a5400000, 0x00000000e0000000)
  object space 86016K, 0% used [0x00000000a0000000,0x00000000a0002000,0x00000000a5400000)
 Metaspace       used 6799K, capacity 7028K, committed 7040K, reserved 1056768K
  class space    used 833K, capacity 892K, committed 896K, reserved 1048576K
}
Event: 1.825 GC heap before
{Heap before GC invocations=2 (full 0):
 PSYoungGen      total 37888K, used 37193K [0x00000000e0000000, 0x00000000e2a00000, 0x0000000100000000)
  eden space 32768K, 100% used [0x00000000e0000000,0x00000000e2000000,0x00000000e2000000)
  from space 5120K, 86% used [0x00000000e2000000,0x00000000e2452458,0x00000000e2500000)
  to   space 5120K, 0% used [0x00000000e2500000,0x00000000e2500000,0x00000000e2a00000)
 ParOldGen       total 86016K, used 8K [0x00000000a0000000, 0x00000000a5400000, 0x00000000e0000000)
  object space 86016K, 0% used [0x00000000a0000000,0x00000000a0002000,0x00000000a5400000)
 Metaspace       used 13016K, capacity 13334K, committed 13440K, reserved 1060864K
  class space    used 1720K, capacity 1839K, committed 1920K, reserved 1048576K
Event: 1.840 GC heap after
Heap after GC invocations=2 (full 0):
 PSYoungGen      total 37888K, used 5099K [0x00000000e0000000, 0x00000000e4a00000, 0x0000000100000000)
  eden space 32768K, 0% used [0x00000000e0000000,0x00000000e0000000,0x00000000e2000000)
  from space 5120K, 99% used [0x00000000e2500000,0x00000000e29faf60,0x00000000e2a00000)
  to   space 5120K, 0% used [0x00000000e2000000,0x00000000e2000000,0x00000000e2500000)
 ParOldGen       total 86016K, used 876K [0x00000000a0000000, 0x00000000a5400000, 0x00000000e0000000)
  object space 86016K, 1% used [0x00000000a0000000,0x00000000a00db190,0x00000000a5400000)
 Metaspace       used 13016K, capacity 13334K, committed 13440K, reserved 1060864K
  class space    used 1720K, capacity 1839K, committed 1920K, reserved 1048576K
}
Event: 2.662 GC heap before
{Heap before GC invocations=3 (full 0):
 PSYoungGen      total 37888K, used 37867K [0x00000000e0000000, 0x00000000e4a00000, 0x0000000100000000)
  eden space 32768K, 100% used [0x00000000e0000000,0x00000000e2000000,0x00000000e2000000)
  from space 5120K, 99% used [0x00000000e2500000,0x00000000e29faf60,0x00000000e2a00000)
  to   space 5120K, 0% used [0x00000000e2000000,0x00000000e2000000,0x00000000e2500000)
 ParOldGen       total 86016K, used 876K [0x00000000a0000000, 0x00000000a5400000, 0x00000000e0000000)
  object space 86016K, 1% used [0x00000000a0000000,0x00000000a00db190,0x00000000a5400000)
 Metaspace       used 16514K, capacity 16846K, committed 17024K, reserved 1064960K
  class space    used 2289K, capacity 2387K, committed 2432K, reserved 1048576K
Event: 2.674 GC heap after
Heap after GC invocations=3 (full 0):
 PSYoungGen      total 37888K, used 5117K [0x00000000e0000000, 0x00000000e4a00000, 0x0000000100000000)
  eden space 32768K, 0% used [0x00000000e0000000,0x00000000e0000000,0x00000000e2000000)
  from space 5120K, 99% used [0x00000000e2000000,0x00000000e24ff498,0x00000000e2500000)
  to   space 5120K, 0% used [0x00000000e4500000,0x00000000e4500000,0x00000000e4a00000)
 ParOldGen       total 86016K, used 3628K [0x00000000a0000000, 0x00000000a5400000, 0x00000000e0000000)
  object space 86016K, 4% used [0x00000000a0000000,0x00000000a038b030,0x00000000a5400000)
 Metaspace       used 16514K, capacity 16846K, committed 17024K, reserved 1064960K
  class space    used 2289K, capacity 2387K, committed 2432K, reserved 1048576K
}

Deoptimization events (10 events):
Event: 2.060 Thread 0x0000000018c4d800 Uncommon trap: reason=class_check action=maybe_recompile pc=0x00000000026c0a5c method=java.util.regex.Matcher.match(II)Z @ 86
Event: 2.061 Thread 0x0000000018c4d800 Uncommon trap: reason=class_check action=maybe_recompile pc=0x00000000026c0a5c method=java.util.regex.Matcher.match(II)Z @ 86
Event: 2.452 Thread 0x0000000018c4d800 Uncommon trap: reason=unstable_if action=reinterpret pc=0x00000000025b81c8 method=java.net.URI.match(CJJ)Z @ 19
Event: 2.452 Thread 0x0000000018c4d800 Uncommon trap: reason=unstable_if action=reinterpret pc=0x00000000026e9b40 method=java.net.URI.match(CJJ)Z @ 19
Event: 2.622 Thread 0x0000000018c4d800 Uncommon trap: reason=unstable_if action=reinterpret pc=0x000000000272f5d0 method=java.lang.AbstractStringBuilder.append(Ljava/lang/String;)Ljava/lang/AbstractStringBuilder; @ 1
Event: 2.622 Thread 0x0000000018c4d800 Uncommon trap: reason=unstable_if action=reinterpret pc=0x00000000026819c8 method=java.lang.AbstractStringBuilder.append(Ljava/lang/String;)Ljava/lang/AbstractStringBuilder; @ 1
Event: 2.734 Thread 0x0000000018c4d800 Uncommon trap: reason=class_check action=maybe_recompile pc=0x000000000265eaa8 method=java.lang.String.equals(Ljava/lang/Object;)Z @ 8
Event: 2.734 Thread 0x0000000018c4d800 Uncommon trap: reason=class_check action=maybe_recompile pc=0x000000000265eaa8 method=java.lang.String.equals(Ljava/lang/Object;)Z @ 8
Event: 2.736 Thread 0x0000000018c4d800 Uncommon trap: reason=class_check action=maybe_recompile pc=0x000000000265eaa8 method=java.lang.String.equals(Ljava/lang/Object;)Z @ 8
Event: 2.736 Thread 0x0000000018c4d800 Uncommon trap: reason=class_check action=maybe_recompile pc=0x000000000265eaa8 method=java.lang.String.equals(Ljava/lang/Object;)Z @ 8

Internal exceptions (10 events):
Event: 1.758 Thread 0x0000000018c4d800 Exception <a 'java/lang/NoSuchMethodError': <clinit>> (0x00000000e1bd6e68) thrown at [C:\src\android\AOSP-openjdk\external\jetbrains\jdk\hotspot\src\share\vm\prims\jni.cpp, line 1613]
Event: 1.759 Thread 0x0000000018c4d800 Exception <a 'java/lang/NoSuchMethodError': <clinit>> (0x00000000e1bdf0f0) thrown at [C:\src\android\AOSP-openjdk\external\jetbrains\jdk\hotspot\src\share\vm\prims\jni.cpp, line 1613]
Event: 1.786 Thread 0x0000000018c4d800 Exception <a 'java/lang/ArrayIndexOutOfBoundsException'> (0x00000000e1e29668) thrown at [C:\src\android\AOSP-openjdk\external\jetbrains\jdk\hotspot\src\share\vm\runtime\sharedRuntime.cpp, line 605]
Event: 1.820 Thread 0x0000000018c4d800 Exception <a 'java/lang/ArrayIndexOutOfBoundsException'> (0x00000000e1efa728) thrown at [C:\src\android\AOSP-openjdk\external\jetbrains\jdk\hotspot\src\share\vm\runtime\sharedRuntime.cpp, line 605]
Event: 2.511 Thread 0x0000000018c4d800 Exception <a 'java/lang/NoSuchMethodError': <clinit>> (0x00000000e1c06100) thrown at [C:\src\android\AOSP-openjdk\external\jetbrains\jdk\hotspot\src\share\vm\prims\jni.cpp, line 1613]
Event: 2.511 Thread 0x0000000018c4d800 Exception <a 'java/lang/NoSuchMethodError': <clinit>> (0x00000000e1c088d0) thrown at [C:\src\android\AOSP-openjdk\external\jetbrains\jdk\hotspot\src\share\vm\prims\jni.cpp, line 1613]
Event: 2.512 Thread 0x0000000018c4d800 Exception <a 'java/lang/NoSuchMethodError': <clinit>> (0x00000000e1c14bb0) thrown at [C:\src\android\AOSP-openjdk\external\jetbrains\jdk\hotspot\src\share\vm\prims\jni.cpp, line 1613]
Event: 2.513 Thread 0x0000000018c4d800 Exception <a 'java/lang/NoSuchMethodError': <clinit>> (0x00000000e1c1f1d0) thrown at [C:\src\android\AOSP-openjdk\external\jetbrains\jdk\hotspot\src\share\vm\prims\jni.cpp, line 1613]
Event: 2.622 Thread 0x0000000018c4d800 Implicit null exception at 0x000000000272f216 to 0x000000000272f5b9
Event: 2.622 Thread 0x0000000018c4d800 Implicit null exception at 0x00000000026815d4 to 0x00000000026819b1

Events (10 events):
Event: 2.734 Thread 0x0000000018c4d800 DEOPT UNPACKING pc=0x00000000024a556a sp=0x000000001b38c970 mode 2
Event: 2.734 Thread 0x0000000018c4d800 Uncommon trap: trap_request=0xffffffde fr.pc=0x000000000265eaa8
Event: 2.734 Thread 0x0000000018c4d800 DEOPT PACKING pc=0x000000000265eaa8 sp=0x000000001b38c9e0
Event: 2.734 Thread 0x0000000018c4d800 DEOPT UNPACKING pc=0x00000000024a556a sp=0x000000001b38c970 mode 2
Event: 2.736 Thread 0x0000000018c4d800 Uncommon trap: trap_request=0xffffffde fr.pc=0x000000000265eaa8
Event: 2.736 Thread 0x0000000018c4d800 DEOPT PACKING pc=0x000000000265eaa8 sp=0x000000001b38c9e0
Event: 2.736 Thread 0x0000000018c4d800 DEOPT UNPACKING pc=0x00000000024a556a sp=0x000000001b38c970 mode 2
Event: 2.736 Thread 0x0000000018c4d800 Uncommon trap: trap_request=0xffffffde fr.pc=0x000000000265eaa8
Event: 2.736 Thread 0x0000000018c4d800 DEOPT PACKING pc=0x000000000265eaa8 sp=0x000000001b38c9e0
Event: 2.736 Thread 0x0000000018c4d800 DEOPT UNPACKING pc=0x00000000024a556a sp=0x000000001b38c970 mode 2


Dynamic libraries:
0x00007ff657400000 - 0x00007ff657431000 	C:\Program Files\Android\Android Studio\jre\bin\java.exe
0x00007ff846ae0000 - 0x00007ff846cb1000 	C:\Windows\SYSTEM32\ntdll.dll
0x00007ff844880000 - 0x00007ff84492c000 	C:\Windows\System32\KERNEL32.DLL
0x00007ff8433c0000 - 0x00007ff8435dd000 	C:\Windows\System32\KERNELBASE.dll
0x00007ff844cc0000 - 0x00007ff844d62000 	C:\Windows\System32\ADVAPI32.dll
0x00007ff8468e0000 - 0x00007ff84697e000 	C:\Windows\System32\msvcrt.dll
0x00007ff844c50000 - 0x00007ff844ca9000 	C:\Windows\System32\sechost.dll
0x00007ff844270000 - 0x00007ff844391000 	C:\Windows\System32\RPCRT4.dll
0x00007ff844440000 - 0x00007ff8445a5000 	C:\Windows\System32\USER32.dll
0x00007ff8430f0000 - 0x00007ff84310e000 	C:\Windows\System32\win32u.dll
0x00007ff844930000 - 0x00007ff844964000 	C:\Windows\System32\GDI32.dll
0x00007ff8435e0000 - 0x00007ff843762000 	C:\Windows\System32\gdi32full.dll
0x00007ff837390000 - 0x00007ff83760a000 	C:\Windows\WinSxS\amd64_microsoft.windows.common-controls_6595b64144ccf1df_6.0.14393.953_none_42151e83c686086b\COMCTL32.dll
0x00007ff8445b0000 - 0x00007ff844878000 	C:\Windows\System32\combase.dll
0x00007ff843260000 - 0x00007ff843355000 	C:\Windows\System32\ucrtbase.dll
0x00007ff842fd0000 - 0x00007ff84303a000 	C:\Windows\System32\bcryptPrimitives.dll
0x00007ff844c20000 - 0x00007ff844c4e000 	C:\Windows\System32\IMM32.DLL
0x0000000057e70000 - 0x0000000057f42000 	C:\Program Files\Android\Android Studio\jre\jre\bin\msvcr100.dll
0x0000000058030000 - 0x000000005886c000 	C:\Program Files\Android\Android Studio\jre\jre\bin\server\jvm.dll
0x00007ff844a70000 - 0x00007ff844a78000 	C:\Windows\System32\PSAPI.DLL
0x00007ff83f6e0000 - 0x00007ff83f6e9000 	C:\Windows\SYSTEM32\WSOCK32.dll
0x00007ff840f30000 - 0x00007ff840f53000 	C:\Windows\SYSTEM32\WINMM.dll
0x00007ff838370000 - 0x00007ff83837a000 	C:\Windows\SYSTEM32\VERSION.dll
0x00007ff844a00000 - 0x00007ff844a6a000 	C:\Windows\System32\WS2_32.dll
0x0000000000530000 - 0x000000000055b000 	C:\Windows\SYSTEM32\WINMMBASE.dll
0x00007ff844020000 - 0x00007ff844062000 	C:\Windows\System32\cfgmgr32.dll
0x00007ff8360d0000 - 0x00007ff8360df000 	C:\Program Files\Android\Android Studio\jre\jre\bin\verify.dll
0x00007ff833880000 - 0x00007ff8338a9000 	C:\Program Files\Android\Android Studio\jre\jre\bin\java.dll
0x00007ff8349f0000 - 0x00007ff834a06000 	C:\Program Files\Android\Android Studio\jre\jre\bin\zip.dll
0x00007ff8453d0000 - 0x00007ff8468d8000 	C:\Windows\System32\SHELL32.dll
0x00007ff843770000 - 0x00007ff843e4a000 	C:\Windows\System32\windows.storage.dll
0x00007ff842f70000 - 0x00007ff842fbc000 	C:\Windows\System32\powrprof.dll
0x00007ff845370000 - 0x00007ff8453c2000 	C:\Windows\System32\shlwapi.dll
0x00007ff842f40000 - 0x00007ff842f4f000 	C:\Windows\System32\kernel.appcore.dll
0x00007ff843040000 - 0x00007ff8430e9000 	C:\Windows\System32\shcore.dll
0x00007ff842f50000 - 0x00007ff842f64000 	C:\Windows\System32\profapi.dll
0x00007ff833860000 - 0x00007ff83387a000 	C:\Program Files\Android\Android Studio\jre\jre\bin\net.dll
0x00007ff842810000 - 0x00007ff84286c000 	C:\Windows\system32\mswsock.dll
0x00007ff82f020000 - 0x00007ff82f031000 	C:\Program Files\Android\Android Studio\jre\jre\bin\nio.dll
0x00007ff83f870000 - 0x00007ff83f88e000 	C:\Users\profa\.gradle\native\23\windows-amd64\native-platform.dll
0x00007ff8429b0000 - 0x00007ff8429c7000 	C:\Windows\SYSTEM32\CRYPTSP.dll
0x00007ff842410000 - 0x00007ff842443000 	C:\Windows\system32\rsaenh.dll
0x00007ff842e80000 - 0x00007ff842eab000 	C:\Windows\SYSTEM32\bcrypt.dll
0x00007ff842690000 - 0x00007ff8426af000 	C:\Windows\SYSTEM32\USERENV.dll
0x00007ff8429d0000 - 0x00007ff8429db000 	C:\Windows\SYSTEM32\CRYPTBASE.dll
0x00007ff842590000 - 0x00007ff8425c8000 	C:\Windows\SYSTEM32\IPHLPAPI.DLL
0x00007ff844cb0000 - 0x00007ff844cb8000 	C:\Windows\System32\NSI.dll
0x00007ff83de50000 - 0x00007ff83de66000 	C:\Windows\SYSTEM32\dhcpcsvc6.DLL
0x00007ff83de00000 - 0x00007ff83de1a000 	C:\Windows\SYSTEM32\dhcpcsvc.DLL
0x00007ff835b10000 - 0x00007ff835b1d000 	C:\Program Files\Android\Android Studio\jre\jre\bin\management.dll

VM Arguments:
jvm_args: -Xmx1536m -Dfile.encoding=windows-1252 -Duser.country=BR -Duser.language=pt -Duser.variant 
java_command: org.gradle.launcher.daemon.bootstrap.GradleDaemon 3.3
java_class_path (initial): C:\Users\profa\.gradle\wrapper\dists\gradle-3.3-all\55gk2rcmfc6p2dg9u9ohc3hw9\gradle-3.3\lib\gradle-launcher-3.3.jar
Launcher Type: SUN_STANDARD

Environment Variables:
PATH=C:\ProgramData\Oracle\Java\javapath;C:\Program Files (x86)\Intel\iCLS Client\;C:\Program Files\Intel\iCLS Client\;C:\Windows\system32;C:\Windows;C:\Windows\System32\Wbem;C:\Windows\System32\WindowsPowerShell\v1.0\;C:\Program Files (x86)\Intel\Intel(R) Management Engine Components\DAL;C:\Program Files\Intel\Intel(R) Management Engine Components\DAL;C:\Program Files (x86)\Intel\Intel(R) Management Engine Components\IPT;C:\Program Files\Intel\Intel(R) Management Engine Components\IPT;C:\Program Files (x86)\Skype\Phone\;C:\Users\profa\AppData\Local\Programs\Python\Python36\Scripts\;C:\Users\profa\AppData\Local\Programs\Python\Python36\;C:\Users\profa\AppData\Local\Programs\Python\Python36-32\Scripts\;C:\Users\profa\AppData\Local\Programs\Python\Python36-32\;C:\Users\profa\AppData\Local\Microsoft\WindowsApps;C:\ProgramData\profa\atom\bin;C:\Users\profa\AppData\Local\atom\bin
USERNAME=profa
OS=Windows_NT
PROCESSOR_IDENTIFIER=Intel64 Family 6 Model 78 Stepping 3, GenuineIntel



---------------  S Y S T E M  ---------------

OS: Windows 10.0 , 64 bit Build 14393 (10.0.14393.1198)

CPU:total 4 (2 cores per cpu, 2 threads per core) family 6 model 78 stepping 3, cmov, cx8, fxsr, mmx, sse, sse2, sse3, ssse3, sse4.1, sse4.2, popcnt, avx, avx2, aes, clmul, erms, 3dnowpref, lzcnt, ht, tsc, tscinvbit, bmi1, bmi2, adx

Memory: 4k page, physical 8244872k(686624k free), swap 8244872k(5668k free)

vm_info: OpenJDK 64-Bit Server VM (25.112-b06) for windows-amd64 JRE (1.8.0_112-release-b06), built on Dec  8 2016 00:54:26 by "builder" with MS VC++ 10.0 (VS2010)

time: Mon Jun 12 10:20:51 2017
elapsed time: 2 seconds (0d 0h 0m 2s)

